<?xml version="1.0" encoding="UTF-8"?>
<!-- Generated by org.testng.reporters.JUnitReportReporter -->
<testsuite hostname="Sunita" failures="0" tests="2" name="day2.DiffWaysToCreatePostRequestBody" time="1.433" errors="0" timestamp="2023-02-08T10:01:43 EST" skipped="0">
  <testcase classname="day2.DiffWaysToCreatePostRequestBody" name="testPostUsingExternalFile" time="1.380"/>
  <system-out/>
  <testcase classname="day2.DiffWaysToCreatePostRequestBody" name="testDelete" time="0.053"/>
  <system-out/>
</testsuite> <!-- day2.DiffWaysToCreatePostRequestBody -->
