<?xml version="1.0" encoding="UTF-8"?>
<!-- Generated by org.testng.reporters.JUnitReportReporter -->
<testsuite hostname="Sunita" failures="0" tests="1" name="day8.CreateUser" time="2.656" errors="0" timestamp="2023-02-15T20:09:51 EST" skipped="0">
  <testcase classname="day8.CreateUser" name="test_createUser" time="2.656"/>
  <system-out/>
</testsuite> <!-- day8.CreateUser -->
