<?xml version="1.0" encoding="UTF-8"?>
<!-- Generated by org.testng.reporters.JUnitReportReporter -->
<testsuite hostname="Sunita" failures="0" tests="1" name="day3.CookiesDemo" time="1.136" errors="0" timestamp="2023-02-08T21:21:07 EST" skipped="0">
  <testcase classname="day3.CookiesDemo" name="getAllCookiesInfo" time="1.136"/>
  <system-out/>
</testsuite> <!-- day3.CookiesDemo -->
