<?xml version="1.0" encoding="UTF-8"?>
<!-- Generated by org.testng.reporters.JUnitReportReporter -->
<testsuite hostname="Sunita" failures="0" tests="1" name="day5.ParsingXMLResponse" time="1.830" errors="0" timestamp="2023-02-09T20:42:16 EST" skipped="0">
  <testcase classname="day5.ParsingXMLResponse" name="testXMLResponseBody" time="1.830"/>
  <system-out/>
</testsuite> <!-- day5.ParsingXMLResponse -->
