<?xml version="1.0" encoding="UTF-8"?>
<!-- Generated by org.testng.reporters.JUnitReportReporter -->
<testsuite hostname="Sunita" failures="0" tests="1" name="day7.Authentications" time="1.761" errors="0" timestamp="2023-02-13T12:42:33 EST" skipped="0">
  <testcase classname="day7.Authentications" name="testAPIKeyAuthentication" time="1.761"/>
  <system-out/>
</testsuite> <!-- day7.Authentications -->
