<?xml version="1.0" encoding="UTF-8"?>
<!-- Generated by org.testng.reporters.JUnitReportReporter -->
<testsuite hostname="Sunita" failures="0" tests="1" name="day8.DeleteUser" time="0.527" errors="0" timestamp="2023-02-15T20:09:51 EST" skipped="0">
  <testcase classname="day8.DeleteUser" name="test_deleteUser" time="0.527"/>
  <system-out/>
</testsuite> <!-- day8.DeleteUser -->
