<?xml version="1.0" encoding="UTF-8"?>
<!-- Generated by org.testng.reporters.JUnitReportReporter -->
<testsuite hostname="Sunita" failures="0" tests="1" name="day7.FakerDataGenerator" time="0.185" errors="0" timestamp="2023-02-13T11:35:38 EST" skipped="0">
  <testcase classname="day7.FakerDataGenerator" name="testGenerateDummyData" time="0.185"/>
  <system-out/>
</testsuite> <!-- day7.FakerDataGenerator -->
