<?xml version="1.0" encoding="UTF-8"?>
<!-- Generated by org.testng.reporters.JUnitReportReporter -->
<testsuite hostname="Sunita" failures="0" tests="1" name="day3.PathAndQueryParameters" time="1.469" errors="0" timestamp="2023-02-08T17:16:03 EST" skipped="0">
  <testcase classname="day3.PathAndQueryParameters" name="testQueryAndPathParameters" time="1.469"/>
  <system-out/>
</testsuite> <!-- day3.PathAndQueryParameters -->
