<?xml version="1.0" encoding="UTF-8"?>
<!-- Generated by org.testng.reporters.JUnitReportReporter -->
<testsuite hostname="Sunita" failures="0" tests="1" name="day8.GetUser" time="1.103" errors="0" timestamp="2023-02-15T20:09:51 EST" skipped="0">
  <testcase classname="day8.GetUser" name="test_getUser" time="1.103"/>
  <system-out/>
</testsuite> <!-- day8.GetUser -->
